Using pre-set license
Built from '2020.3/staging' branch; Version is '2020.3.3f1 (76626098c1c4) revision 7758432'; Using compiler version '192528614'; Build Type 'Release'
OS: 'Windows 10 Pro; OS build 19042.1083; Version 2009; 64bit' Language: 'de' Physical Memory: 16333 MB
BatchMode: 1, IsHumanControllingUs: 0, StartBugReporterOnCrash: 0, Is64bit: 1, IsPro: 0

 COMMAND LINE ARGUMENTS:
C:\Program Files\Unity\Hub\Editor\2020.3.3f1\Editor\Unity.exe
-adb2
-batchMode
-noUpm
-name
AssetImportWorker0
-projectPath
C:/Users/Dima Tschernobai/Documents/GitHub/Programming-Theory-Repo/Programming Theory Project
-logFile
Logs/AssetImportWorker0.log
-srvPort
50204
Successfully changed project path to: C:/Users/Dima Tschernobai/Documents/GitHub/Programming-Theory-Repo/Programming Theory Project
C:/Users/Dima Tschernobai/Documents/GitHub/Programming-Theory-Repo/Programming Theory Project
Using Asset Import Pipeline V2.
Refreshing native plugins compatible for Editor in 20.11 ms, found 0 plugins.
Preloading 0 native plugins for Editor in 0.00 ms.
Initialize engine version: 2020.3.3f1 (76626098c1c4)
[Subsystems] Discovering subsystems at path C:/Program Files/Unity/Hub/Editor/2020.3.3f1/Editor/Data/Resources/UnitySubsystems
[Subsystems] Discovering subsystems at path C:/Users/Dima Tschernobai/Documents/GitHub/Programming-Theory-Repo/Programming Theory Project/Assets
GfxDevice: creating device client; threaded=0
Direct3D:
    Version:  Direct3D 11.0 [level 11.1]
    Renderer: NVIDIA GeForce RTX 2070 SUPER (ID=0x1e84)
    Vendor:   
    VRAM:     8011 MB
    Driver:   27.21.14.5671
Initialize mono
Mono path[0] = 'C:/Program Files/Unity/Hub/Editor/2020.3.3f1/Editor/Data/Managed'
Mono path[1] = 'C:/Program Files/Unity/Hub/Editor/2020.3.3f1/Editor/Data/MonoBleedingEdge/lib/mono/unityjit'
Mono config path = 'C:/Program Files/Unity/Hub/Editor/2020.3.3f1/Editor/Data/MonoBleedingEdge/etc'
Using monoOptions --debugger-agent=transport=dt_socket,embedding=1,server=y,suspend=n,address=127.0.0.1:56544
Begin MonoManager ReloadAssembly
Registering precompiled unity dll's ...
Register platform support module: C:/Program Files/Unity/Hub/Editor/2020.3.3f1/Editor/Data/PlaybackEngines/WebGLSupport/UnityEditor.WebGL.Extensions.dll
Register platform support module: C:/Program Files/Unity/Hub/Editor/2020.3.3f1/Editor/Data/PlaybackEngines/WindowsStandaloneSupport/UnityEditor.WindowsStandalone.Extensions.dll
Registered in 0.001946 seconds.
Native extension for WindowsStandalone target not found
Native extension for WebGL target not found
Refreshing native plugins compatible for Editor in 20.97 ms, found 0 plugins.
Preloading 0 native plugins for Editor in 0.00 ms.
Invoked RoslynAnalysisRunner static constructor.
RoslynAnalysisRunner will not be running.
RoslynAnalysisRunner has terminated.
Mono: successfully reloaded assembly
- Completed reload, in  0.876 seconds
Platform modules already initialized, skipping
Registering precompiled user dll's ...
Registered in 0.000489 seconds.
Begin MonoManager ReloadAssembly
Native extension for WindowsStandalone target not found
Native extension for WebGL target not found
Refreshing native plugins compatible for Editor in 0.23 ms, found 0 plugins.
Preloading 0 native plugins for Editor in 0.00 ms.
Invoked RoslynAnalysisRunner static constructor.
RoslynAnalysisRunner will not be running.
RoslynAnalysisRunner has terminated.
Mono: successfully reloaded assembly
- Completed reload, in  0.690 seconds
Platform modules already initialized, skipping
========================================================================
Worker process is ready to serve import requests
Launched and connected shader compiler UnityShaderCompiler.exe after 0.04 seconds
Refreshing native plugins compatible for Editor in 0.24 ms, found 0 plugins.
Preloading 0 native plugins for Editor in 0.00 ms.
Unloading 1115 Unused Serialized files (Serialized files now loaded: 0)
System memory in use before: 57.4 MB.
System memory in use after: 57.5 MB.

Unloading 10 unused Assets to reduce memory usage. Loaded Objects now: 1557.
Total: 1.926800 ms (FindLiveObjects: 0.173500 ms CreateObjectMapping: 0.028100 ms MarkObjects: 1.637100 ms  DeleteObjects: 0.086400 ms)

========================================================================
Received Import Request.
  path: Assets
  artifactKey: Guid(00000000000000001000000000000000) Importer(815301076,1909f56bfc062723c751e8b465ee728b)
Start importing Assets using Guid(00000000000000001000000000000000) Importer(815301076,1909f56bfc062723c751e8b465ee728b)  -> (artifact id: 'b2e0e235c0f4af3754229b664788db90') in 0.009290 seconds
  Import took 0.011057 seconds .

========================================================================
Received Import Request.
  Time since last request: 0.000162 seconds.
  path: Assets/Scenes
  artifactKey: Guid(e258fe0e32b43d144a3e8cbfdfabb03f) Importer(815301076,1909f56bfc062723c751e8b465ee728b)
Start importing Assets/Scenes using Guid(e258fe0e32b43d144a3e8cbfdfabb03f) Importer(815301076,1909f56bfc062723c751e8b465ee728b)  -> (artifact id: '8377cbfda746d18dbe6538532e5dfdce') in 0.008480 seconds
  Import took 0.010011 seconds .

========================================================================
Received Import Request.
  Time since last request: 11.806232 seconds.
  path: Assets/Scenes/Menu.unity
  artifactKey: Guid(038e56509a57da74697abaa10ca9636e) Importer(815301076,1909f56bfc062723c751e8b465ee728b)
Start importing Assets/Scenes/Menu.unity using Guid(038e56509a57da74697abaa10ca9636e) Importer(815301076,1909f56bfc062723c751e8b465ee728b)  -> (artifact id: '0a8a04c9deb5aad40fee884b5bc3b9ac') in 0.013314 seconds
  Import took 0.015185 seconds .

========================================================================
Received Prepare
Registering precompiled user dll's ...
Registered in 0.000465 seconds.
Begin MonoManager ReloadAssembly
Native extension for WindowsStandalone target not found
Native extension for WebGL target not found
Refreshing native plugins compatible for Editor in 0.25 ms, found 0 plugins.
Preloading 0 native plugins for Editor in 0.00 ms.
Invoked RoslynAnalysisRunner static constructor.
RoslynAnalysisRunner will not be running.
RoslynAnalysisRunner has terminated.
Mono: successfully reloaded assembly
- Completed reload, in  0.606 seconds
Platform modules already initialized, skipping
Refreshing native plugins compatible for Editor in 0.24 ms, found 0 plugins.
Preloading 0 native plugins for Editor in 0.00 ms.
Unloading 1110 Unused Serialized files (Serialized files now loaded: 0)
System memory in use before: 57.4 MB.
System memory in use after: 57.5 MB.

Unloading 5 unused Assets to reduce memory usage. Loaded Objects now: 1560.
Total: 1.759600 ms (FindLiveObjects: 0.143500 ms CreateObjectMapping: 0.025600 ms MarkObjects: 1.539700 ms  DeleteObjects: 0.049900 ms)

========================================================================
Received Prepare
Registering precompiled user dll's ...
Registered in 0.000504 seconds.
Begin MonoManager ReloadAssembly
Native extension for WindowsStandalone target not found
Native extension for WebGL target not found
Refreshing native plugins compatible for Editor in 0.24 ms, found 0 plugins.
Preloading 0 native plugins for Editor in 0.00 ms.
Invoked RoslynAnalysisRunner static constructor.
RoslynAnalysisRunner will not be running.
RoslynAnalysisRunner has terminated.
Mono: successfully reloaded assembly
- Completed reload, in  0.628 seconds
Platform modules already initialized, skipping
Refreshing native plugins compatible for Editor in 0.23 ms, found 0 plugins.
Preloading 0 native plugins for Editor in 0.00 ms.
Unloading 1111 Unused Serialized files (Serialized files now loaded: 0)
System memory in use before: 57.4 MB.
System memory in use after: 57.5 MB.

Unloading 5 unused Assets to reduce memory usage. Loaded Objects now: 1564.
Total: 1.702400 ms (FindLiveObjects: 0.139600 ms CreateObjectMapping: 0.031000 ms MarkObjects: 1.481800 ms  DeleteObjects: 0.048800 ms)

========================================================================
Received Prepare
Registering precompiled user dll's ...
Registered in 0.000500 seconds.
Begin MonoManager ReloadAssembly
Native extension for WindowsStandalone target not found
Native extension for WebGL target not found
Refreshing native plugins compatible for Editor in 0.24 ms, found 0 plugins.
Preloading 0 native plugins for Editor in 0.00 ms.
Invoked RoslynAnalysisRunner static constructor.
RoslynAnalysisRunner will not be running.
RoslynAnalysisRunner has terminated.
Mono: successfully reloaded assembly
- Completed reload, in  0.617 seconds
Platform modules already initialized, skipping
Refreshing native plugins compatible for Editor in 0.25 ms, found 0 plugins.
Preloading 0 native plugins for Editor in 0.00 ms.
Unloading 1111 Unused Serialized files (Serialized files now loaded: 0)
System memory in use before: 57.4 MB.
System memory in use after: 57.5 MB.

Unloading 5 unused Assets to reduce memory usage. Loaded Objects now: 1567.
Total: 1.784600 ms (FindLiveObjects: 0.144600 ms CreateObjectMapping: 0.028500 ms MarkObjects: 1.556500 ms  DeleteObjects: 0.053900 ms)

========================================================================
Received Prepare
Registering precompiled user dll's ...
Registered in 0.000527 seconds.
Begin MonoManager ReloadAssembly
Native extension for WindowsStandalone target not found
Native extension for WebGL target not found
Refreshing native plugins compatible for Editor in 0.24 ms, found 0 plugins.
Preloading 0 native plugins for Editor in 0.00 ms.
Invoked RoslynAnalysisRunner static constructor.
RoslynAnalysisRunner will not be running.
RoslynAnalysisRunner has terminated.
Mono: successfully reloaded assembly
- Completed reload, in  0.611 seconds
Platform modules already initialized, skipping
Refreshing native plugins compatible for Editor in 0.23 ms, found 0 plugins.
Preloading 0 native plugins for Editor in 0.00 ms.
Unloading 1111 Unused Serialized files (Serialized files now loaded: 0)
System memory in use before: 57.5 MB.
System memory in use after: 57.5 MB.

Unloading 5 unused Assets to reduce memory usage. Loaded Objects now: 1570.
Total: 1.771100 ms (FindLiveObjects: 0.151200 ms CreateObjectMapping: 0.026800 ms MarkObjects: 1.543300 ms  DeleteObjects: 0.048800 ms)

========================================================================
Received Import Request.
  Time since last request: 713.855251 seconds.
  path: Assets/NameManager.cs
  artifactKey: Guid(847744185f2cf924884dd883a665ce79) Importer(815301076,1909f56bfc062723c751e8b465ee728b)
Start importing Assets/NameManager.cs using Guid(847744185f2cf924884dd883a665ce79) Importer(815301076,1909f56bfc062723c751e8b465ee728b)  -> (artifact id: '6b6517a2b099d13c834c99df454f73fe') in 0.026802 seconds
  Import took 0.028766 seconds .

========================================================================
Received Import Request.
  Time since last request: 5.940999 seconds.
  path: Assets/MenuManager.cs
  artifactKey: Guid(847744185f2cf924884dd883a665ce79) Importer(815301076,1909f56bfc062723c751e8b465ee728b)
Start importing Assets/MenuManager.cs using Guid(847744185f2cf924884dd883a665ce79) Importer(815301076,1909f56bfc062723c751e8b465ee728b)  -> (artifact id: '612fba5407a6e11b9584b75c0b8132f6') in 0.007192 seconds
  Import took 0.009165 seconds .

========================================================================
Received Prepare
Registering precompiled user dll's ...
Registered in 0.000470 seconds.
Begin MonoManager ReloadAssembly
Native extension for WindowsStandalone target not found
Native extension for WebGL target not found
Refreshing native plugins compatible for Editor in 0.25 ms, found 0 plugins.
Preloading 0 native plugins for Editor in 0.00 ms.
Invoked RoslynAnalysisRunner static constructor.
RoslynAnalysisRunner will not be running.
RoslynAnalysisRunner has terminated.
Mono: successfully reloaded assembly
- Completed reload, in  0.610 seconds
Platform modules already initialized, skipping
Refreshing native plugins compatible for Editor in 0.23 ms, found 0 plugins.
Preloading 0 native plugins for Editor in 0.00 ms.
Unloading 1111 Unused Serialized files (Serialized files now loaded: 0)
System memory in use before: 57.5 MB.
System memory in use after: 57.5 MB.

Unloading 5 unused Assets to reduce memory usage. Loaded Objects now: 1573.
Total: 1.855000 ms (FindLiveObjects: 0.160200 ms CreateObjectMapping: 0.029200 ms MarkObjects: 1.611500 ms  DeleteObjects: 0.052900 ms)

========================================================================
Received Prepare
Registering precompiled user dll's ...
Registered in 0.000497 seconds.
Begin MonoManager ReloadAssembly
Native extension for WindowsStandalone target not found
Native extension for WebGL target not found
Refreshing native plugins compatible for Editor in 0.24 ms, found 0 plugins.
Preloading 0 native plugins for Editor in 0.00 ms.
Invoked RoslynAnalysisRunner static constructor.
RoslynAnalysisRunner will not be running.
RoslynAnalysisRunner has terminated.
Mono: successfully reloaded assembly
- Completed reload, in  0.623 seconds
Platform modules already initialized, skipping
Refreshing native plugins compatible for Editor in 0.23 ms, found 0 plugins.
Preloading 0 native plugins for Editor in 0.00 ms.
Unloading 1111 Unused Serialized files (Serialized files now loaded: 0)
System memory in use before: 57.5 MB.
System memory in use after: 57.5 MB.

Unloading 5 unused Assets to reduce memory usage. Loaded Objects now: 1576.
Total: 1.624500 ms (FindLiveObjects: 0.206900 ms CreateObjectMapping: 0.027400 ms MarkObjects: 1.326400 ms  DeleteObjects: 0.062600 ms)

========================================================================
Received Import Request.
  Time since last request: 14.086134 seconds.
  path: Assets/MenuManager.cs
  artifactKey: Guid(847744185f2cf924884dd883a665ce79) Importer(815301076,1909f56bfc062723c751e8b465ee728b)
Start importing Assets/MenuManager.cs using Guid(847744185f2cf924884dd883a665ce79) Importer(815301076,1909f56bfc062723c751e8b465ee728b)  -> (artifact id: '4af2a05d69c8de1b7ff232f96e1e3dc1') in 0.004073 seconds
  Import took 0.005857 seconds .

========================================================================
Received Prepare
Registering precompiled user dll's ...
Registered in 0.000524 seconds.
Begin MonoManager ReloadAssembly
Native extension for WindowsStandalone target not found
Native extension for WebGL target not found
Refreshing native plugins compatible for Editor in 0.23 ms, found 0 plugins.
Preloading 0 native plugins for Editor in 0.00 ms.
Invoked RoslynAnalysisRunner static constructor.
RoslynAnalysisRunner will not be running.
RoslynAnalysisRunner has terminated.
Mono: successfully reloaded assembly
- Completed reload, in  0.621 seconds
Platform modules already initialized, skipping
Refreshing native plugins compatible for Editor in 0.23 ms, found 0 plugins.
Preloading 0 native plugins for Editor in 0.00 ms.
Unloading 1110 Unused Serialized files (Serialized files now loaded: 0)
System memory in use before: 57.5 MB.
System memory in use after: 57.5 MB.

Unloading 6 unused Assets to reduce memory usage. Loaded Objects now: 1578.
Total: 1.781500 ms (FindLiveObjects: 0.155400 ms CreateObjectMapping: 0.027400 ms MarkObjects: 1.541600 ms  DeleteObjects: 0.055400 ms)

========================================================================
Received Prepare
Registering precompiled user dll's ...
Registered in 0.000532 seconds.
Begin MonoManager ReloadAssembly
Native extension for WindowsStandalone target not found
Native extension for WebGL target not found
Refreshing native plugins compatible for Editor in 0.24 ms, found 0 plugins.
Preloading 0 native plugins for Editor in 0.00 ms.
Invoked RoslynAnalysisRunner static constructor.
RoslynAnalysisRunner will not be running.
RoslynAnalysisRunner has terminated.
Mono: successfully reloaded assembly
- Completed reload, in  0.617 seconds
Platform modules already initialized, skipping
Refreshing native plugins compatible for Editor in 0.23 ms, found 0 plugins.
Preloading 0 native plugins for Editor in 0.00 ms.
Unloading 1111 Unused Serialized files (Serialized files now loaded: 0)
System memory in use before: 57.5 MB.
System memory in use after: 57.6 MB.

Unloading 5 unused Assets to reduce memory usage. Loaded Objects now: 1582.
Total: 1.885400 ms (FindLiveObjects: 0.158200 ms CreateObjectMapping: 0.031300 ms MarkObjects: 1.644000 ms  DeleteObjects: 0.050500 ms)

========================================================================
Received Import Request.
  Time since last request: 215.290801 seconds.
  path: Assets/MenuManager.cs
  artifactKey: Guid(847744185f2cf924884dd883a665ce79) Importer(815301076,1909f56bfc062723c751e8b465ee728b)
Start importing Assets/MenuManager.cs using Guid(847744185f2cf924884dd883a665ce79) Importer(815301076,1909f56bfc062723c751e8b465ee728b)  -> (artifact id: '16cd87d9a65fbaa22a60c9499d2b2939') in 0.008174 seconds
  Import took 0.010182 seconds .

========================================================================
Received Prepare
Registering precompiled user dll's ...
Registered in 0.000468 seconds.
Begin MonoManager ReloadAssembly
Native extension for WindowsStandalone target not found
Native extension for WebGL target not found
Refreshing native plugins compatible for Editor in 0.24 ms, found 0 plugins.
Preloading 0 native plugins for Editor in 0.00 ms.
Invoked RoslynAnalysisRunner static constructor.
RoslynAnalysisRunner will not be running.
RoslynAnalysisRunner has terminated.
Mono: successfully reloaded assembly
- Completed reload, in  0.635 seconds
Platform modules already initialized, skipping
Refreshing native plugins compatible for Editor in 0.23 ms, found 0 plugins.
Preloading 0 native plugins for Editor in 0.00 ms.
Unloading 1111 Unused Serialized files (Serialized files now loaded: 0)
System memory in use before: 57.5 MB.
System memory in use after: 57.6 MB.

Unloading 5 unused Assets to reduce memory usage. Loaded Objects now: 1585.
Total: 1.504600 ms (FindLiveObjects: 0.161500 ms CreateObjectMapping: 0.026600 ms MarkObjects: 1.268600 ms  DeleteObjects: 0.047000 ms)

========================================================================
Received Import Request.
  Time since last request: 156.259677 seconds.
  path: Assets/Scenes/Menu.unity
  artifactKey: Guid(038e56509a57da74697abaa10ca9636e) Importer(815301076,1909f56bfc062723c751e8b465ee728b)
Start importing Assets/Scenes/Menu.unity using Guid(038e56509a57da74697abaa10ca9636e) Importer(815301076,1909f56bfc062723c751e8b465ee728b)  -> (artifact id: '4aee777d550780f80ff987c3436136c9') in 0.009877 seconds
  Import took 0.011783 seconds .

========================================================================
Received Import Request.
  Time since last request: 0.000304 seconds.
  path: Assets/Scenes/Menu.unity
  artifactKey: Guid(038e56509a57da74697abaa10ca9636e) Importer(815301076,1909f56bfc062723c751e8b465ee728b)
Start importing Assets/Scenes/Menu.unity using Guid(038e56509a57da74697abaa10ca9636e) Importer(815301076,1909f56bfc062723c751e8b465ee728b)  -> (artifact id: '4aee777d550780f80ff987c3436136c9') in 0.002106 seconds
  Import took 0.003780 seconds .

========================================================================
Received Import Request.
  Time since last request: 0.440327 seconds.
  path: Assets/Scenes/SampleScene.unity
  artifactKey: Guid(9fc0d4010bbf28b4594072e72b8655ab) Importer(815301076,1909f56bfc062723c751e8b465ee728b)
Start importing Assets/Scenes/SampleScene.unity using Guid(9fc0d4010bbf28b4594072e72b8655ab) Importer(815301076,1909f56bfc062723c751e8b465ee728b)  -> (artifact id: 'f5c2f2c2a1bc51d97acb4e2643276eeb') in 0.008443 seconds
  Import took 0.010709 seconds .

========================================================================
Received Import Request.
  Time since last request: 386.507657 seconds.
  path: Assets/New Terrain.asset
  artifactKey: Guid(925f8765e97a1284b8df942ebc20be36) Importer(815301076,1909f56bfc062723c751e8b465ee728b)
Start importing Assets/New Terrain.asset using Guid(925f8765e97a1284b8df942ebc20be36) Importer(815301076,1909f56bfc062723c751e8b465ee728b)  -> (artifact id: '1b62f7cc6d28cac59ae6179c480087fa') in 0.015707 seconds
  Import took 0.017819 seconds .

========================================================================
Received Import Request.
  Time since last request: 25.225386 seconds.
  path: Assets/GrassGreenTexture0001.jpg
  artifactKey: Guid(30d0c70e0fb06ec419829d329a6189dd) Importer(815301076,1909f56bfc062723c751e8b465ee728b)
Start importing Assets/GrassGreenTexture0001.jpg using Guid(30d0c70e0fb06ec419829d329a6189dd) Importer(815301076,1909f56bfc062723c751e8b465ee728b)  -> (artifact id: '5d242fa421750eb5deca3a634496c898') in 0.045046 seconds
  Import took 0.047221 seconds .

========================================================================
Received Import Request.
  Time since last request: 301.779672 seconds.
  path: Assets/New Material.mat
  artifactKey: Guid(785a6afa76a03f24f93f1c6a81c83f65) Importer(815301076,1909f56bfc062723c751e8b465ee728b)
Start importing Assets/New Material.mat using Guid(785a6afa76a03f24f93f1c6a81c83f65) Importer(815301076,1909f56bfc062723c751e8b465ee728b)  -> (artifact id: 'dda43a65943dc158e81a6a7184221db5') in 0.062383 seconds
  Import took 0.064455 seconds .

========================================================================
Received Import Request.
  Time since last request: 91.893739 seconds.
  path: Assets/New Material.mat
  artifactKey: Guid(785a6afa76a03f24f93f1c6a81c83f65) Importer(815301076,1909f56bfc062723c751e8b465ee728b)
Start importing Assets/New Material.mat using Guid(785a6afa76a03f24f93f1c6a81c83f65) Importer(815301076,1909f56bfc062723c751e8b465ee728b)  -> (artifact id: 'e47df22f735ab08b4bf0bd82ed319644') in 0.013747 seconds
  Import took 0.015842 seconds .

========================================================================
Received Import Request.
  Time since last request: 0.000189 seconds.
  path: Assets/New Terrain.asset
  artifactKey: Guid(925f8765e97a1284b8df942ebc20be36) Importer(815301076,1909f56bfc062723c751e8b465ee728b)
Start importing Assets/New Terrain.asset using Guid(925f8765e97a1284b8df942ebc20be36) Importer(815301076,1909f56bfc062723c751e8b465ee728b)  -> (artifact id: 'fac6e6a36b5ffe475d26f8fd728e4b0f') in 0.020919 seconds
  Import took 0.022979 seconds .

========================================================================
Received Import Request.
  Time since last request: 0.000186 seconds.
  path: Assets/NewLayer.terrainlayer
  artifactKey: Guid(189628b4613a91c4e86cd3bc31b364b3) Importer(815301076,1909f56bfc062723c751e8b465ee728b)
Start importing Assets/NewLayer.terrainlayer using Guid(189628b4613a91c4e86cd3bc31b364b3) Importer(815301076,1909f56bfc062723c751e8b465ee728b)  -> (artifact id: 'ff8793874a929ad7ac106c96379132ba') in 0.020629 seconds
  Import took 0.022372 seconds .

========================================================================
Received Import Request.
  Time since last request: 0.000184 seconds.
  path: Assets/New Material.mat
  artifactKey: Guid(785a6afa76a03f24f93f1c6a81c83f65) Importer(815301076,1909f56bfc062723c751e8b465ee728b)
Start importing Assets/New Material.mat using Guid(785a6afa76a03f24f93f1c6a81c83f65) Importer(815301076,1909f56bfc062723c751e8b465ee728b)  -> (artifact id: 'e47df22f735ab08b4bf0bd82ed319644') in 0.013928 seconds
  Import took 0.015911 seconds .

========================================================================
Received Import Request.
  Time since last request: 1.134693 seconds.
  path: Assets/New Material 1.mat
  artifactKey: Guid(d28ffb6bb16229f44a97d379d265cac3) Importer(815301076,1909f56bfc062723c751e8b465ee728b)
Start importing Assets/New Material 1.mat using Guid(d28ffb6bb16229f44a97d379d265cac3) Importer(815301076,1909f56bfc062723c751e8b465ee728b)  -> (artifact id: '628a43e34ee0a6d9b5345f0f76a139c8') in 0.013584 seconds
  Import took 0.015599 seconds .

========================================================================
Received Prepare
Registering precompiled user dll's ...
Registered in 0.000510 seconds.
Begin MonoManager ReloadAssembly
Native extension for WindowsStandalone target not found
Native extension for WebGL target not found
Refreshing native plugins compatible for Editor in 0.27 ms, found 0 plugins.
Preloading 0 native plugins for Editor in 0.00 ms.
Invoked RoslynAnalysisRunner static constructor.
RoslynAnalysisRunner will not be running.
RoslynAnalysisRunner has terminated.
Mono: successfully reloaded assembly
- Completed reload, in  0.626 seconds
Platform modules already initialized, skipping
Refreshing native plugins compatible for Editor in 0.26 ms, found 0 plugins.
Preloading 0 native plugins for Editor in 0.00 ms.
Unloading 1112 Unused Serialized files (Serialized files now loaded: 0)
System memory in use before: 61.8 MB.
System memory in use after: 61.3 MB.

Unloading 7 unused Assets to reduce memory usage. Loaded Objects now: 1633.
Total: 2.328900 ms (FindLiveObjects: 0.196100 ms CreateObjectMapping: 0.028000 ms MarkObjects: 1.675200 ms  DeleteObjects: 0.428300 ms)

========================================================================
Received Prepare
Registering precompiled user dll's ...
Registered in 0.000537 seconds.
Begin MonoManager ReloadAssembly
Native extension for WindowsStandalone target not found
Native extension for WebGL target not found
Refreshing native plugins compatible for Editor in 0.23 ms, found 0 plugins.
Preloading 0 native plugins for Editor in 0.00 ms.
Invoked RoslynAnalysisRunner static constructor.
RoslynAnalysisRunner will not be running.
RoslynAnalysisRunner has terminated.
Mono: successfully reloaded assembly
- Completed reload, in  0.616 seconds
Platform modules already initialized, skipping
Refreshing native plugins compatible for Editor in 0.19 ms, found 0 plugins.
Preloading 0 native plugins for Editor in 0.00 ms.
Unloading 1112 Unused Serialized files (Serialized files now loaded: 0)
System memory in use before: 61.2 MB.
System memory in use after: 61.3 MB.

Unloading 5 unused Assets to reduce memory usage. Loaded Objects now: 1636.
Total: 1.599600 ms (FindLiveObjects: 0.157900 ms CreateObjectMapping: 0.028900 ms MarkObjects: 1.358700 ms  DeleteObjects: 0.053400 ms)

========================================================================
Received Prepare
Registering precompiled user dll's ...
Registered in 0.000549 seconds.
Begin MonoManager ReloadAssembly
Native extension for WindowsStandalone target not found
Native extension for WebGL target not found
Refreshing native plugins compatible for Editor in 0.26 ms, found 0 plugins.
Preloading 0 native plugins for Editor in 0.00 ms.
Invoked RoslynAnalysisRunner static constructor.
RoslynAnalysisRunner will not be running.
RoslynAnalysisRunner has terminated.
Mono: successfully reloaded assembly
- Completed reload, in  0.629 seconds
Platform modules already initialized, skipping
Refreshing native plugins compatible for Editor in 0.21 ms, found 0 plugins.
Preloading 0 native plugins for Editor in 0.00 ms.
Unloading 1112 Unused Serialized files (Serialized files now loaded: 0)
System memory in use before: 61.2 MB.
System memory in use after: 61.3 MB.

Unloading 5 unused Assets to reduce memory usage. Loaded Objects now: 1639.
Total: 1.914700 ms (FindLiveObjects: 0.177500 ms CreateObjectMapping: 0.031000 ms MarkObjects: 1.638500 ms  DeleteObjects: 0.066300 ms)

========================================================================
Received Prepare
Registering precompiled user dll's ...
Registered in 0.000602 seconds.
Begin MonoManager ReloadAssembly
Native extension for WindowsStandalone target not found
Native extension for WebGL target not found
Refreshing native plugins compatible for Editor in 0.24 ms, found 0 plugins.
Preloading 0 native plugins for Editor in 0.00 ms.
Invoked RoslynAnalysisRunner static constructor.
RoslynAnalysisRunner will not be running.
RoslynAnalysisRunner has terminated.
Mono: successfully reloaded assembly
- Completed reload, in  0.607 seconds
Platform modules already initialized, skipping
Refreshing native plugins compatible for Editor in 0.23 ms, found 0 plugins.
Preloading 0 native plugins for Editor in 0.00 ms.
Unloading 1112 Unused Serialized files (Serialized files now loaded: 0)
System memory in use before: 61.2 MB.
System memory in use after: 61.3 MB.

Unloading 5 unused Assets to reduce memory usage. Loaded Objects now: 1642.
Total: 1.828100 ms (FindLiveObjects: 0.165100 ms CreateObjectMapping: 0.029400 ms MarkObjects: 1.576800 ms  DeleteObjects: 0.055700 ms)

========================================================================
Received Import Request.
  Time since last request: 611.382520 seconds.
  path: Assets/Cube.cs
  artifactKey: Guid(843de899ed92589478c9794c7f8266c5) Importer(815301076,1909f56bfc062723c751e8b465ee728b)
Start importing Assets/Cube.cs using Guid(843de899ed92589478c9794c7f8266c5) Importer(815301076,1909f56bfc062723c751e8b465ee728b)  -> (artifact id: 'f94e7c1891f9ab8933f22de0c6cc5492') in 0.008228 seconds
  Import took 0.010439 seconds .

========================================================================
Received Prepare
Registering precompiled user dll's ...
Registered in 0.000481 seconds.
Begin MonoManager ReloadAssembly
Native extension for WindowsStandalone target not found
Native extension for WebGL target not found
Refreshing native plugins compatible for Editor in 0.23 ms, found 0 plugins.
Preloading 0 native plugins for Editor in 0.00 ms.
Invoked RoslynAnalysisRunner static constructor.
RoslynAnalysisRunner will not be running.
RoslynAnalysisRunner has terminated.
Mono: successfully reloaded assembly
- Completed reload, in  0.636 seconds
Platform modules already initialized, skipping
Refreshing native plugins compatible for Editor in 0.24 ms, found 0 plugins.
Preloading 0 native plugins for Editor in 0.00 ms.
Unloading 1112 Unused Serialized files (Serialized files now loaded: 0)
System memory in use before: 61.2 MB.
System memory in use after: 61.3 MB.

Unloading 5 unused Assets to reduce memory usage. Loaded Objects now: 1645.
Total: 2.244200 ms (FindLiveObjects: 0.224800 ms CreateObjectMapping: 0.029600 ms MarkObjects: 1.910700 ms  DeleteObjects: 0.077800 ms)

========================================================================
Received Import Request.
  Time since last request: 20.457057 seconds.
  path: Assets/CubeObject.cs
  artifactKey: Guid(d285dc6f795e1404d9c04bcb90c539a9) Importer(815301076,1909f56bfc062723c751e8b465ee728b)
Start importing Assets/CubeObject.cs using Guid(d285dc6f795e1404d9c04bcb90c539a9) Importer(815301076,1909f56bfc062723c751e8b465ee728b)  -> (artifact id: '0871e059b6365294282d9255c4638b61') in 0.008290 seconds
  Import took 0.010409 seconds .

========================================================================
Received Prepare
Registering precompiled user dll's ...
Registered in 0.000495 seconds.
Begin MonoManager ReloadAssembly
Native extension for WindowsStandalone target not found
Native extension for WebGL target not found
Refreshing native plugins compatible for Editor in 0.23 ms, found 0 plugins.
Preloading 0 native plugins for Editor in 0.00 ms.
Invoked RoslynAnalysisRunner static constructor.
RoslynAnalysisRunner will not be running.
RoslynAnalysisRunner has terminated.
Mono: successfully reloaded assembly
- Completed reload, in  0.633 seconds
Platform modules already initialized, skipping
Refreshing native plugins compatible for Editor in 0.24 ms, found 0 plugins.
Preloading 0 native plugins for Editor in 0.00 ms.
Unloading 1113 Unused Serialized files (Serialized files now loaded: 0)
System memory in use before: 61.3 MB.
System memory in use after: 61.3 MB.

Unloading 5 unused Assets to reduce memory usage. Loaded Objects now: 1649.
Total: 1.608700 ms (FindLiveObjects: 0.173400 ms CreateObjectMapping: 0.025600 ms MarkObjects: 1.354300 ms  DeleteObjects: 0.054800 ms)

========================================================================
Received Import Request.
  Time since last request: 8.760874 seconds.
  path: Assets/CylinderObject.cs
  artifactKey: Guid(0cc0290f28e9796479a7a56393488e14) Importer(815301076,1909f56bfc062723c751e8b465ee728b)
Start importing Assets/CylinderObject.cs using Guid(0cc0290f28e9796479a7a56393488e14) Importer(815301076,1909f56bfc062723c751e8b465ee728b)  -> (artifact id: '55b6d49f89ced66f68d9ac25ab447d3d') in 0.009180 seconds
  Import took 0.011398 seconds .

========================================================================
Received Prepare
Registering precompiled user dll's ...
Registered in 0.000503 seconds.
Begin MonoManager ReloadAssembly
Native extension for WindowsStandalone target not found
Native extension for WebGL target not found
Refreshing native plugins compatible for Editor in 0.23 ms, found 0 plugins.
Preloading 0 native plugins for Editor in 0.00 ms.
Invoked RoslynAnalysisRunner static constructor.
RoslynAnalysisRunner will not be running.
RoslynAnalysisRunner has terminated.
Mono: successfully reloaded assembly
- Completed reload, in  0.640 seconds
Platform modules already initialized, skipping
Refreshing native plugins compatible for Editor in 0.20 ms, found 0 plugins.
Preloading 0 native plugins for Editor in 0.00 ms.
Unloading 1114 Unused Serialized files (Serialized files now loaded: 0)
System memory in use before: 61.3 MB.
System memory in use after: 61.4 MB.

Unloading 5 unused Assets to reduce memory usage. Loaded Objects now: 1653.
Total: 1.870500 ms (FindLiveObjects: 0.162400 ms CreateObjectMapping: 0.028200 ms MarkObjects: 1.615500 ms  DeleteObjects: 0.063300 ms)

========================================================================
Received Import Request.
  Time since last request: 8.175908 seconds.
  path: Assets/SphereObject.cs
  artifactKey: Guid(1fc1ade8b6347e9418fb24103585672f) Importer(815301076,1909f56bfc062723c751e8b465ee728b)
Start importing Assets/SphereObject.cs using Guid(1fc1ade8b6347e9418fb24103585672f) Importer(815301076,1909f56bfc062723c751e8b465ee728b)  -> (artifact id: '06a645ac5feca713b51d66ad17b5a757') in 0.008617 seconds
  Import took 0.010683 seconds .

========================================================================
Received Prepare
Registering precompiled user dll's ...
Registered in 0.000509 seconds.
Begin MonoManager ReloadAssembly
Native extension for WindowsStandalone target not found
Native extension for WebGL target not found
Refreshing native plugins compatible for Editor in 0.25 ms, found 0 plugins.
Preloading 0 native plugins for Editor in 0.00 ms.
Invoked RoslynAnalysisRunner static constructor.
RoslynAnalysisRunner will not be running.
RoslynAnalysisRunner has terminated.
Mono: successfully reloaded assembly
- Completed reload, in  0.640 seconds
Platform modules already initialized, skipping
Refreshing native plugins compatible for Editor in 0.24 ms, found 0 plugins.
Preloading 0 native plugins for Editor in 0.00 ms.
Unloading 1115 Unused Serialized files (Serialized files now loaded: 0)
System memory in use before: 61.3 MB.
System memory in use after: 61.4 MB.

Unloading 5 unused Assets to reduce memory usage. Loaded Objects now: 1657.
Total: 1.844900 ms (FindLiveObjects: 0.166300 ms CreateObjectMapping: 0.025600 ms MarkObjects: 1.591500 ms  DeleteObjects: 0.060400 ms)

========================================================================
Received Prepare
Registering precompiled user dll's ...
Registered in 0.000629 seconds.
Begin MonoManager ReloadAssembly
Native extension for WindowsStandalone target not found
Native extension for WebGL target not found
Refreshing native plugins compatible for Editor in 0.25 ms, found 0 plugins.
Preloading 0 native plugins for Editor in 0.00 ms.
Invoked RoslynAnalysisRunner static constructor.
RoslynAnalysisRunner will not be running.
RoslynAnalysisRunner has terminated.
Mono: successfully reloaded assembly
- Completed reload, in  0.607 seconds
Platform modules already initialized, skipping
Refreshing native plugins compatible for Editor in 0.23 ms, found 0 plugins.
Preloading 0 native plugins for Editor in 0.00 ms.
Unloading 1115 Unused Serialized files (Serialized files now loaded: 0)
System memory in use before: 61.3 MB.
System memory in use after: 61.4 MB.

Unloading 5 unused Assets to reduce memory usage. Loaded Objects now: 1660.
Total: 1.570400 ms (FindLiveObjects: 0.175200 ms CreateObjectMapping: 0.031100 ms MarkObjects: 1.321700 ms  DeleteObjects: 0.041800 ms)

========================================================================
Received Import Request.
  Time since last request: 30.818645 seconds.
  path: Assets/CubeObject.cs
  artifactKey: Guid(d285dc6f795e1404d9c04bcb90c539a9) Importer(815301076,1909f56bfc062723c751e8b465ee728b)
Start importing Assets/CubeObject.cs using Guid(d285dc6f795e1404d9c04bcb90c539a9) Importer(815301076,1909f56bfc062723c751e8b465ee728b)  -> (artifact id: 'bbd2945710e1c314c3120846508a0b72') in 0.003975 seconds
  Import took 0.005703 seconds .

========================================================================
Received Prepare
Registering precompiled user dll's ...
Registered in 0.000578 seconds.
Begin MonoManager ReloadAssembly
Native extension for WindowsStandalone target not found
Native extension for WebGL target not found
Refreshing native plugins compatible for Editor in 0.23 ms, found 0 plugins.
Preloading 0 native plugins for Editor in 0.00 ms.
Invoked RoslynAnalysisRunner static constructor.
RoslynAnalysisRunner will not be running.
RoslynAnalysisRunner has terminated.
Mono: successfully reloaded assembly
- Completed reload, in  0.620 seconds
Platform modules already initialized, skipping
Refreshing native plugins compatible for Editor in 0.23 ms, found 0 plugins.
Preloading 0 native plugins for Editor in 0.00 ms.
Unloading 1115 Unused Serialized files (Serialized files now loaded: 0)
System memory in use before: 61.3 MB.
System memory in use after: 61.4 MB.

Unloading 5 unused Assets to reduce memory usage. Loaded Objects now: 1663.
Total: 1.504400 ms (FindLiveObjects: 0.157300 ms CreateObjectMapping: 0.026600 ms MarkObjects: 1.273700 ms  DeleteObjects: 0.046000 ms)

========================================================================
Received Import Request.
  Time since last request: 14.130595 seconds.
  path: Assets/CylinderObject.cs
  artifactKey: Guid(0cc0290f28e9796479a7a56393488e14) Importer(815301076,1909f56bfc062723c751e8b465ee728b)
Start importing Assets/CylinderObject.cs using Guid(0cc0290f28e9796479a7a56393488e14) Importer(815301076,1909f56bfc062723c751e8b465ee728b)  -> (artifact id: 'e3edc3c768a73aa855dbcef107961383') in 0.003853 seconds
  Import took 0.005577 seconds .

========================================================================
Received Prepare
Registering precompiled user dll's ...
Registered in 0.000611 seconds.
Begin MonoManager ReloadAssembly
Native extension for WindowsStandalone target not found
Native extension for WebGL target not found
Refreshing native plugins compatible for Editor in 0.24 ms, found 0 plugins.
Preloading 0 native plugins for Editor in 0.00 ms.
Invoked RoslynAnalysisRunner static constructor.
RoslynAnalysisRunner will not be running.
RoslynAnalysisRunner has terminated.
Mono: successfully reloaded assembly
- Completed reload, in  0.615 seconds
Platform modules already initialized, skipping
Refreshing native plugins compatible for Editor in 0.24 ms, found 0 plugins.
Preloading 0 native plugins for Editor in 0.00 ms.
Unloading 1115 Unused Serialized files (Serialized files now loaded: 0)
System memory in use before: 61.3 MB.
System memory in use after: 61.4 MB.

Unloading 5 unused Assets to reduce memory usage. Loaded Objects now: 1666.
Total: 1.673200 ms (FindLiveObjects: 0.213600 ms CreateObjectMapping: 0.032200 ms MarkObjects: 1.371600 ms  DeleteObjects: 0.054800 ms)

========================================================================
Received Import Request.
  Time since last request: 55.742098 seconds.
  path: Assets/SphereObject.cs
  artifactKey: Guid(1fc1ade8b6347e9418fb24103585672f) Importer(815301076,1909f56bfc062723c751e8b465ee728b)
Start importing Assets/SphereObject.cs using Guid(1fc1ade8b6347e9418fb24103585672f) Importer(815301076,1909f56bfc062723c751e8b465ee728b)  -> (artifact id: '944e3c24ace43329a436802992553abd') in 0.004534 seconds
  Import took 0.006591 seconds .

========================================================================
Received Prepare
Registering precompiled user dll's ...
Registered in 0.000525 seconds.
Begin MonoManager ReloadAssembly
Native extension for WindowsStandalone target not found
Native extension for WebGL target not found
Refreshing native plugins compatible for Editor in 0.23 ms, found 0 plugins.
Preloading 0 native plugins for Editor in 0.00 ms.
Invoked RoslynAnalysisRunner static constructor.
RoslynAnalysisRunner will not be running.
RoslynAnalysisRunner has terminated.
Mono: successfully reloaded assembly
- Completed reload, in  0.611 seconds
Platform modules already initialized, skipping
Refreshing native plugins compatible for Editor in 0.24 ms, found 0 plugins.
Preloading 0 native plugins for Editor in 0.00 ms.
Unloading 1115 Unused Serialized files (Serialized files now loaded: 0)
System memory in use before: 61.3 MB.
System memory in use after: 61.4 MB.

Unloading 5 unused Assets to reduce memory usage. Loaded Objects now: 1669.
Total: 1.570100 ms (FindLiveObjects: 0.164300 ms CreateObjectMapping: 0.029300 ms MarkObjects: 1.321100 ms  DeleteObjects: 0.054300 ms)

========================================================================
Received Prepare
Registering precompiled user dll's ...
Registered in 0.000555 seconds.
Begin MonoManager ReloadAssembly
Native extension for WindowsStandalone target not found
Native extension for WebGL target not found
Refreshing native plugins compatible for Editor in 0.23 ms, found 0 plugins.
Preloading 0 native plugins for Editor in 0.00 ms.
Invoked RoslynAnalysisRunner static constructor.
RoslynAnalysisRunner will not be running.
RoslynAnalysisRunner has terminated.
Mono: successfully reloaded assembly
- Completed reload, in  0.614 seconds
Platform modules already initialized, skipping
Refreshing native plugins compatible for Editor in 0.22 ms, found 0 plugins.
Preloading 0 native plugins for Editor in 0.00 ms.
Unloading 1115 Unused Serialized files (Serialized files now loaded: 0)
System memory in use before: 61.3 MB.
System memory in use after: 61.4 MB.

Unloading 5 unused Assets to reduce memory usage. Loaded Objects now: 1672.
Total: 1.753300 ms (FindLiveObjects: 0.147300 ms CreateObjectMapping: 0.027300 ms MarkObjects: 1.528600 ms  DeleteObjects: 0.049300 ms)

========================================================================
Received Prepare
Registering precompiled user dll's ...
Registered in 0.000544 seconds.
Begin MonoManager ReloadAssembly
Native extension for WindowsStandalone target not found
Native extension for WebGL target not found
Refreshing native plugins compatible for Editor in 0.24 ms, found 0 plugins.
Preloading 0 native plugins for Editor in 0.00 ms.
Invoked RoslynAnalysisRunner static constructor.
RoslynAnalysisRunner will not be running.
RoslynAnalysisRunner has terminated.
Mono: successfully reloaded assembly
- Completed reload, in  0.615 seconds
Platform modules already initialized, skipping
Refreshing native plugins compatible for Editor in 0.23 ms, found 0 plugins.
Preloading 0 native plugins for Editor in 0.00 ms.
Unloading 1115 Unused Serialized files (Serialized files now loaded: 0)
System memory in use before: 61.3 MB.
System memory in use after: 61.4 MB.

Unloading 5 unused Assets to reduce memory usage. Loaded Objects now: 1675.
Total: 1.548000 ms (FindLiveObjects: 0.172100 ms CreateObjectMapping: 0.027000 ms MarkObjects: 1.287800 ms  DeleteObjects: 0.060300 ms)

========================================================================
Received Prepare
Registering precompiled user dll's ...
Registered in 0.000560 seconds.
Begin MonoManager ReloadAssembly
Native extension for WindowsStandalone target not found
Native extension for WebGL target not found
Refreshing native plugins compatible for Editor in 0.23 ms, found 0 plugins.
Preloading 0 native plugins for Editor in 0.00 ms.
Invoked RoslynAnalysisRunner static constructor.
RoslynAnalysisRunner will not be running.
RoslynAnalysisRunner has terminated.
Mono: successfully reloaded assembly
- Completed reload, in  0.618 seconds
Platform modules already initialized, skipping
Refreshing native plugins compatible for Editor in 0.23 ms, found 0 plugins.
Preloading 0 native plugins for Editor in 0.00 ms.
Unloading 1115 Unused Serialized files (Serialized files now loaded: 0)
System memory in use before: 61.3 MB.
System memory in use after: 61.4 MB.

Unloading 5 unused Assets to reduce memory usage. Loaded Objects now: 1678.
Total: 1.617600 ms (FindLiveObjects: 0.174500 ms CreateObjectMapping: 0.031500 ms MarkObjects: 1.363900 ms  DeleteObjects: 0.046900 ms)

========================================================================
Received Prepare
Registering precompiled user dll's ...
Registered in 0.000513 seconds.
Begin MonoManager ReloadAssembly
Native extension for WindowsStandalone target not found
Native extension for WebGL target not found
Refreshing native plugins compatible for Editor in 0.25 ms, found 0 plugins.
Preloading 0 native plugins for Editor in 0.00 ms.
Invoked RoslynAnalysisRunner static constructor.
RoslynAnalysisRunner will not be running.
RoslynAnalysisRunner has terminated.
Mono: successfully reloaded assembly
- Completed reload, in  0.615 seconds
Platform modules already initialized, skipping
Refreshing native plugins compatible for Editor in 0.23 ms, found 0 plugins.
Preloading 0 native plugins for Editor in 0.00 ms.
Unloading 1115 Unused Serialized files (Serialized files now loaded: 0)
System memory in use before: 61.3 MB.
System memory in use after: 61.4 MB.

Unloading 5 unused Assets to reduce memory usage. Loaded Objects now: 1681.
Total: 1.731600 ms (FindLiveObjects: 0.169200 ms CreateObjectMapping: 0.029700 ms MarkObjects: 1.484700 ms  DeleteObjects: 0.047200 ms)

========================================================================
Received Prepare
Registering precompiled user dll's ...
Registered in 0.000508 seconds.
Begin MonoManager ReloadAssembly
Native extension for WindowsStandalone target not found
Native extension for WebGL target not found
Refreshing native plugins compatible for Editor in 0.24 ms, found 0 plugins.
Preloading 0 native plugins for Editor in 0.00 ms.
Invoked RoslynAnalysisRunner static constructor.
RoslynAnalysisRunner will not be running.
RoslynAnalysisRunner has terminated.
Mono: successfully reloaded assembly
- Completed reload, in  0.613 seconds
Platform modules already initialized, skipping
Refreshing native plugins compatible for Editor in 0.23 ms, found 0 plugins.
Preloading 0 native plugins for Editor in 0.00 ms.
Unloading 1115 Unused Serialized files (Serialized files now loaded: 0)
System memory in use before: 61.4 MB.
System memory in use after: 61.4 MB.

Unloading 5 unused Assets to reduce memory usage. Loaded Objects now: 1684.
Total: 1.945700 ms (FindLiveObjects: 0.207300 ms CreateObjectMapping: 0.026700 ms MarkObjects: 1.642500 ms  DeleteObjects: 0.067700 ms)

========================================================================
Received Prepare
Registering precompiled user dll's ...
Registered in 0.000582 seconds.
Begin MonoManager ReloadAssembly
Native extension for WindowsStandalone target not found
Native extension for WebGL target not found
Refreshing native plugins compatible for Editor in 0.24 ms, found 0 plugins.
Preloading 0 native plugins for Editor in 0.00 ms.
Invoked RoslynAnalysisRunner static constructor.
RoslynAnalysisRunner will not be running.
RoslynAnalysisRunner has terminated.
Mono: successfully reloaded assembly
- Completed reload, in  0.621 seconds
Platform modules already initialized, skipping
Refreshing native plugins compatible for Editor in 0.23 ms, found 0 plugins.
Preloading 0 native plugins for Editor in 0.00 ms.
Unloading 1115 Unused Serialized files (Serialized files now loaded: 0)
System memory in use before: 61.4 MB.
System memory in use after: 61.4 MB.

Unloading 5 unused Assets to reduce memory usage. Loaded Objects now: 1687.
Total: 1.630700 ms (FindLiveObjects: 0.179300 ms CreateObjectMapping: 0.029800 ms MarkObjects: 1.374500 ms  DeleteObjects: 0.046300 ms)

========================================================================
Received Prepare
Registering precompiled user dll's ...
Registered in 0.000556 seconds.
Begin MonoManager ReloadAssembly
Native extension for WindowsStandalone target not found
Native extension for WebGL target not found
Refreshing native plugins compatible for Editor in 0.24 ms, found 0 plugins.
Preloading 0 native plugins for Editor in 0.00 ms.
Invoked RoslynAnalysisRunner static constructor.
RoslynAnalysisRunner will not be running.
RoslynAnalysisRunner has terminated.
Mono: successfully reloaded assembly
- Completed reload, in  0.613 seconds
Platform modules already initialized, skipping
Refreshing native plugins compatible for Editor in 0.23 ms, found 0 plugins.
Preloading 0 native plugins for Editor in 0.00 ms.
Unloading 1115 Unused Serialized files (Serialized files now loaded: 0)
System memory in use before: 61.4 MB.
System memory in use after: 61.4 MB.

Unloading 5 unused Assets to reduce memory usage. Loaded Objects now: 1690.
Total: 1.615000 ms (FindLiveObjects: 0.154700 ms CreateObjectMapping: 0.031200 ms MarkObjects: 1.377200 ms  DeleteObjects: 0.051200 ms)

========================================================================
Received Prepare
Registering precompiled user dll's ...
Registered in 0.000569 seconds.
Begin MonoManager ReloadAssembly
Native extension for WindowsStandalone target not found
Native extension for WebGL target not found
Refreshing native plugins compatible for Editor in 0.24 ms, found 0 plugins.
Preloading 0 native plugins for Editor in 0.00 ms.
Invoked RoslynAnalysisRunner static constructor.
RoslynAnalysisRunner will not be running.
RoslynAnalysisRunner has terminated.
Mono: successfully reloaded assembly
- Completed reload, in  0.617 seconds
Platform modules already initialized, skipping
Refreshing native plugins compatible for Editor in 0.20 ms, found 0 plugins.
Preloading 0 native plugins for Editor in 0.00 ms.
Unloading 1115 Unused Serialized files (Serialized files now loaded: 0)
System memory in use before: 61.4 MB.
System memory in use after: 61.4 MB.

Unloading 5 unused Assets to reduce memory usage. Loaded Objects now: 1693.
Total: 1.689800 ms (FindLiveObjects: 0.164300 ms CreateObjectMapping: 0.027100 ms MarkObjects: 1.444500 ms  DeleteObjects: 0.053100 ms)

========================================================================
Received Prepare
Registering precompiled user dll's ...
Registered in 0.000560 seconds.
Begin MonoManager ReloadAssembly
Native extension for WindowsStandalone target not found
Native extension for WebGL target not found
Refreshing native plugins compatible for Editor in 0.23 ms, found 0 plugins.
Preloading 0 native plugins for Editor in 0.00 ms.
Invoked RoslynAnalysisRunner static constructor.
RoslynAnalysisRunner will not be running.
RoslynAnalysisRunner has terminated.
Mono: successfully reloaded assembly
- Completed reload, in  0.619 seconds
Platform modules already initialized, skipping
Refreshing native plugins compatible for Editor in 0.23 ms, found 0 plugins.
Preloading 0 native plugins for Editor in 0.00 ms.
Unloading 1115 Unused Serialized files (Serialized files now loaded: 0)
System memory in use before: 61.4 MB.
System memory in use after: 61.4 MB.

Unloading 5 unused Assets to reduce memory usage. Loaded Objects now: 1696.
Total: 1.551200 ms (FindLiveObjects: 0.181600 ms CreateObjectMapping: 0.030300 ms MarkObjects: 1.294700 ms  DeleteObjects: 0.043700 ms)

========================================================================
Received Prepare
Registering precompiled user dll's ...
Registered in 0.000605 seconds.
Begin MonoManager ReloadAssembly
Native extension for WindowsStandalone target not found
Native extension for WebGL target not found
Refreshing native plugins compatible for Editor in 0.24 ms, found 0 plugins.
Preloading 0 native plugins for Editor in 0.00 ms.
Invoked RoslynAnalysisRunner static constructor.
RoslynAnalysisRunner will not be running.
RoslynAnalysisRunner has terminated.
Mono: successfully reloaded assembly
- Completed reload, in  0.611 seconds
Platform modules already initialized, skipping
Refreshing native plugins compatible for Editor in 0.24 ms, found 0 plugins.
Preloading 0 native plugins for Editor in 0.00 ms.
Unloading 1115 Unused Serialized files (Serialized files now loaded: 0)
System memory in use before: 61.4 MB.
System memory in use after: 61.5 MB.

Unloading 5 unused Assets to reduce memory usage. Loaded Objects now: 1699.
Total: 1.983400 ms (FindLiveObjects: 0.182800 ms CreateObjectMapping: 0.026200 ms MarkObjects: 1.712200 ms  DeleteObjects: 0.061200 ms)

========================================================================
Received Prepare
Registering precompiled user dll's ...
Registered in 0.000504 seconds.
Begin MonoManager ReloadAssembly
Native extension for WindowsStandalone target not found
Native extension for WebGL target not found
Refreshing native plugins compatible for Editor in 0.24 ms, found 0 plugins.
Preloading 0 native plugins for Editor in 0.00 ms.
Invoked RoslynAnalysisRunner static constructor.
RoslynAnalysisRunner will not be running.
RoslynAnalysisRunner has terminated.
Mono: successfully reloaded assembly
- Completed reload, in  0.620 seconds
Platform modules already initialized, skipping
Refreshing native plugins compatible for Editor in 0.23 ms, found 0 plugins.
Preloading 0 native plugins for Editor in 0.00 ms.
Unloading 1115 Unused Serialized files (Serialized files now loaded: 0)
System memory in use before: 61.4 MB.
System memory in use after: 61.5 MB.

Unloading 5 unused Assets to reduce memory usage. Loaded Objects now: 1702.
Total: 1.687600 ms (FindLiveObjects: 0.152000 ms CreateObjectMapping: 0.030300 ms MarkObjects: 1.452800 ms  DeleteObjects: 0.051700 ms)

========================================================================
Received Prepare
Registering precompiled user dll's ...
Registered in 0.000566 seconds.
Begin MonoManager ReloadAssembly
Native extension for WindowsStandalone target not found
Native extension for WebGL target not found
Refreshing native plugins compatible for Editor in 0.25 ms, found 0 plugins.
Preloading 0 native plugins for Editor in 0.00 ms.
Invoked RoslynAnalysisRunner static constructor.
RoslynAnalysisRunner will not be running.
RoslynAnalysisRunner has terminated.
Mono: successfully reloaded assembly
- Completed reload, in  0.621 seconds
Platform modules already initialized, skipping
Refreshing native plugins compatible for Editor in 0.24 ms, found 0 plugins.
Preloading 0 native plugins for Editor in 0.00 ms.
Unloading 1115 Unused Serialized files (Serialized files now loaded: 0)
System memory in use before: 61.4 MB.
System memory in use after: 61.5 MB.

Unloading 5 unused Assets to reduce memory usage. Loaded Objects now: 1705.
Total: 1.542100 ms (FindLiveObjects: 0.164500 ms CreateObjectMapping: 0.028100 ms MarkObjects: 1.299600 ms  DeleteObjects: 0.049100 ms)

========================================================================
Received Prepare
Registering precompiled user dll's ...
Registered in 0.000478 seconds.
Begin MonoManager ReloadAssembly
Native extension for WindowsStandalone target not found
Native extension for WebGL target not found
Refreshing native plugins compatible for Editor in 0.25 ms, found 0 plugins.
Preloading 0 native plugins for Editor in 0.00 ms.
Invoked RoslynAnalysisRunner static constructor.
RoslynAnalysisRunner will not be running.
RoslynAnalysisRunner has terminated.
Mono: successfully reloaded assembly
- Completed reload, in  0.616 seconds
Platform modules already initialized, skipping
Refreshing native plugins compatible for Editor in 0.23 ms, found 0 plugins.
Preloading 0 native plugins for Editor in 0.00 ms.
Unloading 1115 Unused Serialized files (Serialized files now loaded: 0)
System memory in use before: 61.4 MB.
System memory in use after: 61.5 MB.

Unloading 5 unused Assets to reduce memory usage. Loaded Objects now: 1708.
Total: 1.948800 ms (FindLiveObjects: 0.191100 ms CreateObjectMapping: 0.030400 ms MarkObjects: 1.665400 ms  DeleteObjects: 0.060900 ms)

========================================================================
Received Prepare
Registering precompiled user dll's ...
Registered in 0.000601 seconds.
Begin MonoManager ReloadAssembly
Native extension for WindowsStandalone target not found
Native extension for WebGL target not found
Refreshing native plugins compatible for Editor in 0.24 ms, found 0 plugins.
Preloading 0 native plugins for Editor in 0.00 ms.
Invoked RoslynAnalysisRunner static constructor.
RoslynAnalysisRunner will not be running.
RoslynAnalysisRunner has terminated.
Mono: successfully reloaded assembly
- Completed reload, in  0.622 seconds
Platform modules already initialized, skipping
Refreshing native plugins compatible for Editor in 0.23 ms, found 0 plugins.
Preloading 0 native plugins for Editor in 0.00 ms.
Unloading 1115 Unused Serialized files (Serialized files now loaded: 0)
System memory in use before: 61.4 MB.
System memory in use after: 61.5 MB.

Unloading 5 unused Assets to reduce memory usage. Loaded Objects now: 1711.
Total: 1.757500 ms (FindLiveObjects: 0.183200 ms CreateObjectMapping: 0.027200 ms MarkObjects: 1.490600 ms  DeleteObjects: 0.055700 ms)

========================================================================
Received Prepare
Registering precompiled user dll's ...
Registered in 0.000461 seconds.
Begin MonoManager ReloadAssembly
Native extension for WindowsStandalone target not found
Native extension for WebGL target not found
Refreshing native plugins compatible for Editor in 0.24 ms, found 0 plugins.
Preloading 0 native plugins for Editor in 0.00 ms.
Invoked RoslynAnalysisRunner static constructor.
RoslynAnalysisRunner will not be running.
RoslynAnalysisRunner has terminated.
Mono: successfully reloaded assembly
- Completed reload, in  0.604 seconds
Platform modules already initialized, skipping
Refreshing native plugins compatible for Editor in 0.24 ms, found 0 plugins.
Preloading 0 native plugins for Editor in 0.00 ms.
Unloading 1115 Unused Serialized files (Serialized files now loaded: 0)
System memory in use before: 61.4 MB.
System memory in use after: 61.5 MB.

Unloading 5 unused Assets to reduce memory usage. Loaded Objects now: 1714.
Total: 1.942400 ms (FindLiveObjects: 0.175000 ms CreateObjectMapping: 0.030800 ms MarkObjects: 1.665800 ms  DeleteObjects: 0.069700 ms)

========================================================================
Received Prepare
Registering precompiled user dll's ...
Registered in 0.000529 seconds.
Begin MonoManager ReloadAssembly
Native extension for WindowsStandalone target not found
Native extension for WebGL target not found
Refreshing native plugins compatible for Editor in 0.24 ms, found 0 plugins.
Preloading 0 native plugins for Editor in 0.00 ms.
Invoked RoslynAnalysisRunner static constructor.
RoslynAnalysisRunner will not be running.
RoslynAnalysisRunner has terminated.
Mono: successfully reloaded assembly
- Completed reload, in  0.634 seconds
Platform modules already initialized, skipping
Refreshing native plugins compatible for Editor in 0.26 ms, found 0 plugins.
Preloading 0 native plugins for Editor in 0.00 ms.
Unloading 1115 Unused Serialized files (Serialized files now loaded: 0)
System memory in use before: 61.4 MB.
System memory in use after: 61.5 MB.

Unloading 5 unused Assets to reduce memory usage. Loaded Objects now: 1717.
Total: 1.531000 ms (FindLiveObjects: 0.163000 ms CreateObjectMapping: 0.029900 ms MarkObjects: 1.289300 ms  DeleteObjects: 0.047900 ms)

========================================================================
Received Import Request.
  Time since last request: 2126.586760 seconds.
  path: Assets/New Material 1.mat
  artifactKey: Guid(d28ffb6bb16229f44a97d379d265cac3) Importer(815301076,1909f56bfc062723c751e8b465ee728b)
Start importing Assets/New Material 1.mat using Guid(d28ffb6bb16229f44a97d379d265cac3) Importer(815301076,1909f56bfc062723c751e8b465ee728b)  -> (artifact id: '2ea8c29bfb102b19ef00d37d4ad6ed19') in 0.062313 seconds
  Import took 0.064524 seconds .

========================================================================
Received Import Request.
  Time since last request: 0.000171 seconds.
  path: Assets/New Material.mat
  artifactKey: Guid(785a6afa76a03f24f93f1c6a81c83f65) Importer(815301076,1909f56bfc062723c751e8b465ee728b)
Start importing Assets/New Material.mat using Guid(785a6afa76a03f24f93f1c6a81c83f65) Importer(815301076,1909f56bfc062723c751e8b465ee728b)  -> (artifact id: '83bfe013a0fa4a1eac67003218be2909') in 0.011314 seconds
  Import took 0.013048 seconds .

========================================================================
Received Import Request.
  Time since last request: 0.000209 seconds.
  path: Assets/New Material 2.mat
  artifactKey: Guid(876ad484aae4eaf45a82d9ed6e0ebb73) Importer(815301076,1909f56bfc062723c751e8b465ee728b)
Start importing Assets/New Material 2.mat using Guid(876ad484aae4eaf45a82d9ed6e0ebb73) Importer(815301076,1909f56bfc062723c751e8b465ee728b)  -> (artifact id: 'b7c0deed6a5984f98fea1cef280c1b58') in 0.013095 seconds
  Import took 0.015095 seconds .

========================================================================
Received Prepare
Registering precompiled user dll's ...
Registered in 0.000698 seconds.
Begin MonoManager ReloadAssembly
Native extension for WindowsStandalone target not found
Native extension for WebGL target not found
Refreshing native plugins compatible for Editor in 0.25 ms, found 0 plugins.
Preloading 0 native plugins for Editor in 0.00 ms.
Invoked RoslynAnalysisRunner static constructor.
RoslynAnalysisRunner will not be running.
RoslynAnalysisRunner has terminated.
Mono: successfully reloaded assembly
- Completed reload, in  0.665 seconds
Platform modules already initialized, skipping
Refreshing native plugins compatible for Editor in 0.26 ms, found 0 plugins.
Preloading 0 native plugins for Editor in 0.00 ms.
Unloading 1115 Unused Serialized files (Serialized files now loaded: 0)
System memory in use before: 61.4 MB.
System memory in use after: 61.5 MB.

Unloading 5 unused Assets to reduce memory usage. Loaded Objects now: 1721.
Total: 1.769800 ms (FindLiveObjects: 0.207900 ms CreateObjectMapping: 0.027000 ms MarkObjects: 1.470400 ms  DeleteObjects: 0.063500 ms)

